This is pdfTeX, Version 3.141592653-2.6-1.40.23 (TeX Live 2021/W32TeX) (preloaded format=pdflatex 2021.12.3)  24 DEC 2021 11:21
entering extended mode
 restricted \write18 enabled.
 %&-line parsing enabled.
**tareaBloque3.tex
(./tareaBloque3.tex
LaTeX2e <2021-11-15>
L3 programming layer <2021-11-22> (c:/texlive/2021/texmf-dist/tex/latex/base/ar
ticle.cls
Document Class: article 2021/10/04 v1.4n Standard LaTeX document class
(c:/texlive/2021/texmf-dist/tex/latex/base/size10.clo
File: size10.clo 2021/10/04 v1.4n Standard LaTeX file (size option)
)
\c@part=\count183
\c@section=\count184
\c@subsection=\count185
\c@subsubsection=\count186
\c@paragraph=\count187
\c@subparagraph=\count188
\c@figure=\count189
\c@table=\count190
\abovecaptionskip=\skip47
\belowcaptionskip=\skip48
\bibindent=\dimen138
) (c:/texlive/2021/texmf-dist/tex/latex/amsmath/amsmath.sty
Package: amsmath 2021/10/15 v2.17l AMS math features
\@mathmargin=\skip49
For additional information on amsmath, use the `?' option.
(c:/texlive/2021/texmf-dist/tex/latex/amsmath/amstext.sty
Package: amstext 2021/08/26 v2.01 AMS text
(c:/texlive/2021/texmf-dist/tex/latex/amsmath/amsgen.sty
File: amsgen.sty 1999/11/30 v2.0 generic functions
\@emptytoks=\toks16
\ex@=\dimen139
)) (c:/texlive/2021/texmf-dist/tex/latex/amsmath/amsbsy.sty
Package: amsbsy 1999/11/29 v1.2d Bold Symbols
\pmbraise@=\dimen140
) (c:/texlive/2021/texmf-dist/tex/latex/amsmath/amsopn.sty
Package: amsopn 2021/08/26 v2.02 operator names
)
\inf@bad=\count191
LaTeX Info: Redefining \frac on input line 234.
\uproot@=\count192
\leftroot@=\count193
LaTeX Info: Redefining \overline on input line 399.
\classnum@=\count194
\DOTSCASE@=\count195
LaTeX Info: Redefining \ldots on input line 496.
LaTeX Info: Redefining \dots on input line 499.
LaTeX Info: Redefining \cdots on input line 620.
\Mathstrutbox@=\box50
\strutbox@=\box51
\big@size=\dimen141
LaTeX Font Info:    Redeclaring font encoding OML on input line 743.
LaTeX Font Info:    Redeclaring font encoding OMS on input line 744.
\macc@depth=\count196
\c@MaxMatrixCols=\count197
\dotsspace@=\muskip16
\c@parentequation=\count198
\dspbrk@lvl=\count199
\tag@help=\toks17
\row@=\count266
\column@=\count267
\maxfields@=\count268
\andhelp@=\toks18
\eqnshift@=\dimen142
\alignsep@=\dimen143
\tagshift@=\dimen144
\tagwidth@=\dimen145
\totwidth@=\dimen146
\lineht@=\dimen147
\@envbody=\toks19
\multlinegap=\skip50
\multlinetaggap=\skip51
\mathdisplay@stack=\toks20
LaTeX Info: Redefining \[ on input line 2938.
LaTeX Info: Redefining \] on input line 2939.
) (c:/texlive/2021/texmf-dist/tex/latex/amsfonts/amssymb.sty
Package: amssymb 2013/01/14 v3.01 AMS font symbols
(c:/texlive/2021/texmf-dist/tex/latex/amsfonts/amsfonts.sty
Package: amsfonts 2013/01/14 v3.01 Basic AMSFonts support
\symAMSa=\mathgroup4
\symAMSb=\mathgroup5
LaTeX Font Info:    Redeclaring math symbol \hbar on input line 98.
LaTeX Font Info:    Overwriting math alphabet `\mathfrak' in version `bold'
(Font)                  U/euf/m/n --> U/euf/b/n on input line 106.
)) (c:/texlive/2021/texmf-dist/tex/latex/lm/lmodern.sty
Package: lmodern 2015/05/01 v1.6.1 Latin Modern Fonts
LaTeX Font Info:    Overwriting symbol font `operators' in version `normal'
(Font)                  OT1/cmr/m/n --> OT1/lmr/m/n on input line 22.
LaTeX Font Info:    Overwriting symbol font `letters' in version `normal'
(Font)                  OML/cmm/m/it --> OML/lmm/m/it on input line 23.
LaTeX Font Info:    Overwriting symbol font `symbols' in version `normal'
(Font)                  OMS/cmsy/m/n --> OMS/lmsy/m/n on input line 24.
LaTeX Font Info:    Overwriting symbol font `largesymbols' in version `normal'
(Font)                  OMX/cmex/m/n --> OMX/lmex/m/n on input line 25.
LaTeX Font Info:    Overwriting symbol font `operators' in version `bold'
(Font)                  OT1/cmr/bx/n --> OT1/lmr/bx/n on input line 26.
LaTeX Font Info:    Overwriting symbol font `letters' in version `bold'
(Font)                  OML/cmm/b/it --> OML/lmm/b/it on input line 27.
LaTeX Font Info:    Overwriting symbol font `symbols' in version `bold'
(Font)                  OMS/cmsy/b/n --> OMS/lmsy/b/n on input line 28.
LaTeX Font Info:    Overwriting symbol font `largesymbols' in version `bold'
(Font)                  OMX/cmex/m/n --> OMX/lmex/m/n on input line 29.
LaTeX Font Info:    Overwriting math alphabet `\mathbf' in version `normal'
(Font)                  OT1/cmr/bx/n --> OT1/lmr/bx/n on input line 31.
LaTeX Font Info:    Overwriting math alphabet `\mathsf' in version `normal'
(Font)                  OT1/cmss/m/n --> OT1/lmss/m/n on input line 32.
LaTeX Font Info:    Overwriting math alphabet `\mathit' in version `normal'
(Font)                  OT1/cmr/m/it --> OT1/lmr/m/it on input line 33.
LaTeX Font Info:    Overwriting math alphabet `\mathtt' in version `normal'
(Font)                  OT1/cmtt/m/n --> OT1/lmtt/m/n on input line 34.
LaTeX Font Info:    Overwriting math alphabet `\mathbf' in version `bold'
(Font)                  OT1/cmr/bx/n --> OT1/lmr/bx/n on input line 35.
LaTeX Font Info:    Overwriting math alphabet `\mathsf' in version `bold'
(Font)                  OT1/cmss/bx/n --> OT1/lmss/bx/n on input line 36.
LaTeX Font Info:    Overwriting math alphabet `\mathit' in version `bold'
(Font)                  OT1/cmr/bx/it --> OT1/lmr/bx/it on input line 37.
LaTeX Font Info:    Overwriting math alphabet `\mathtt' in version `bold'
(Font)                  OT1/cmtt/m/n --> OT1/lmtt/m/n on input line 38.
) (c:/texlive/2021/texmf-dist/tex/generic/iftex/ifxetex.sty
Package: ifxetex 2019/10/25 v0.7 ifxetex legacy package. Use iftex instead.
(c:/texlive/2021/texmf-dist/tex/generic/iftex/iftex.sty
Package: iftex 2020/03/06 v1.0d TeX engine tests
)) (c:/texlive/2021/texmf-dist/tex/generic/iftex/ifluatex.sty
Package: ifluatex 2019/10/25 v1.5 ifluatex legacy package. Use iftex instead.
) (c:/texlive/2021/texmf-dist/tex/latex/base/fontenc.sty
Package: fontenc 2021/04/29 v2.0v Standard LaTeX package
LaTeX Font Info:    Trying to load font information for T1+lmr on input line 11
2.
(c:/texlive/2021/texmf-dist/tex/latex/lm/t1lmr.fd
File: t1lmr.fd 2015/05/01 v1.6.1 Font defs for Latin Modern
)) (c:/texlive/2021/texmf-dist/tex/latex/base/inputenc.sty
Package: inputenc 2021/02/14 v1.3d Input encoding file
\inpenc@prehook=\toks21
\inpenc@posthook=\toks22
) (c:/texlive/2021/texmf-dist/tex/latex/base/textcomp.sty
Package: textcomp 2020/02/02 v2.0n Standard LaTeX package
) (c:/texlive/2021/texmf-dist/tex/latex/upquote/upquote.sty
Package: upquote 2012/04/19 v1.3 upright-quote and grave-accent glyphs in verba
tim
) (c:/texlive/2021/texmf-dist/tex/latex/microtype/microtype.sty
Package: microtype 2021/12/02 v3.0a Micro-typographical refinements (RS)
(c:/texlive/2021/texmf-dist/tex/latex/graphics/keyval.sty
Package: keyval 2014/10/28 v1.15 key=value parser (DPC)
\KV@toks@=\toks23
) (c:/texlive/2021/texmf-dist/tex/latex/etoolbox/etoolbox.sty
Package: etoolbox 2020/10/05 v2.5k e-TeX tools for LaTeX (JAW)
\etb@tempcnta=\count269
)
\MT@toks=\toks24
\MT@count=\count270
\MT@tempbox=\box52
LaTeX Info: Redefining \leftprotrusion on input line 1006.
LaTeX Info: Redefining \rightprotrusion on input line 1014.
LaTeX Info: Redefining \textls on input line 1182.
\MT@outer@kern=\dimen148
LaTeX Info: Redefining \textmicrotypecontext on input line 1768.
\MT@listname@count=\count271
(c:/texlive/2021/texmf-dist/tex/latex/microtype/microtype-pdftex.def
File: microtype-pdftex.def 2021/12/02 v3.0a Definitions specific to pdftex (RS)

LaTeX Info: Redefining \lsstyle on input line 897.
LaTeX Info: Redefining \lslig on input line 897.
\MT@outer@space=\skip52
)
Package microtype Info: Loading configuration file microtype.cfg.
(c:/texlive/2021/texmf-dist/tex/latex/microtype/microtype.cfg
File: microtype.cfg 2021/12/02 v3.0a microtype main configuration file (RS)
)) (c:/texlive/2021/texmf-dist/tex/latex/parskip/parskip.sty
Package: parskip 2021-03-14 v2.0h non-zero parskip adjustments
(c:/texlive/2021/texmf-dist/tex/latex/kvoptions/kvoptions.sty
Package: kvoptions 2020-10-07 v3.14 Key value format for package options (HO)
(c:/texlive/2021/texmf-dist/tex/generic/ltxcmds/ltxcmds.sty
Package: ltxcmds 2020-05-10 v1.25 LaTeX kernel commands for general use (HO)
) (c:/texlive/2021/texmf-dist/tex/generic/kvsetkeys/kvsetkeys.sty
Package: kvsetkeys 2019/12/15 v1.18 Key value parser (HO)
))) (c:/texlive/2021/texmf-dist/tex/latex/xcolor/xcolor.sty
Package: xcolor 2021/10/31 v2.13 LaTeX color extensions (UK)
(c:/texlive/2021/texmf-dist/tex/latex/graphics-cfg/color.cfg
File: color.cfg 2016/01/02 v1.6 sample color configuration
)
Package xcolor Info: Driver file: pdftex.def on input line 227.
(c:/texlive/2021/texmf-dist/tex/latex/graphics-def/pdftex.def
File: pdftex.def 2020/10/05 v1.2a Graphics/color driver for pdftex
)
Package xcolor Info: Model `cmy' substituted by `cmy0' on input line 1352.
Package xcolor Info: Model `hsb' substituted by `rgb' on input line 1356.
Package xcolor Info: Model `RGB' extended on input line 1368.
Package xcolor Info: Model `HTML' substituted by `rgb' on input line 1370.
Package xcolor Info: Model `Hsb' substituted by `hsb' on input line 1371.
Package xcolor Info: Model `tHsb' substituted by `hsb' on input line 1372.
Package xcolor Info: Model `HSB' substituted by `hsb' on input line 1373.
Package xcolor Info: Model `Gray' substituted by `gray' on input line 1374.
Package xcolor Info: Model `wave' substituted by `hsb' on input line 1375.
(c:/texlive/2021/texmf-dist/tex/latex/graphics/dvipsnam.def
File: dvipsnam.def 2016/06/17 v3.0m Driver-dependent file (DPC,SPQR)
) (c:/texlive/2021/texmf-dist/tex/latex/xcolor/svgnam.def
File: svgnam.def 2021/10/31 v2.13 Predefined colors according to SVG 1.1 (UK)
) (c:/texlive/2021/texmf-dist/tex/latex/xcolor/x11nam.def
File: x11nam.def 2021/10/31 v2.13 Predefined colors according to Unix/X11 (UK)
)) (c:/texlive/2021/texmf-dist/tex/latex/xurl/xurl.sty
Package: xurl 2020/12/30 v 0.09a modify URL breaks
(c:/texlive/2021/texmf-dist/tex/latex/url/url.sty
\Urlmuskip=\muskip17
Package: url 2013/09/16  ver 3.4  Verb mode for urls, etc.
)) (c:/texlive/2021/texmf-dist/tex/latex/bookmark/bookmark.sty
Package: bookmark 2020-11-06 v1.29 PDF bookmarks (HO)
(c:/texlive/2021/texmf-dist/tex/latex/hyperref/hyperref.sty
Package: hyperref 2021-06-07 v7.00m Hypertext links for LaTeX
(c:/texlive/2021/texmf-dist/tex/generic/pdftexcmds/pdftexcmds.sty
Package: pdftexcmds 2020-06-27 v0.33 Utility functions of pdfTeX for LuaTeX (HO
)
(c:/texlive/2021/texmf-dist/tex/generic/infwarerr/infwarerr.sty
Package: infwarerr 2019/12/03 v1.5 Providing info/warning/error messages (HO)
)
Package pdftexcmds Info: \pdf@primitive is available.
Package pdftexcmds Info: \pdf@ifprimitive is available.
Package pdftexcmds Info: \pdfdraftmode found.
) (c:/texlive/2021/texmf-dist/tex/generic/kvdefinekeys/kvdefinekeys.sty
Package: kvdefinekeys 2019-12-19 v1.6 Define keys (HO)
) (c:/texlive/2021/texmf-dist/tex/generic/pdfescape/pdfescape.sty
Package: pdfescape 2019/12/09 v1.15 Implements pdfTeX's escape features (HO)
) (c:/texlive/2021/texmf-dist/tex/latex/hycolor/hycolor.sty
Package: hycolor 2020-01-27 v1.10 Color options for hyperref/bookmark (HO)
) (c:/texlive/2021/texmf-dist/tex/latex/letltxmacro/letltxmacro.sty
Package: letltxmacro 2019/12/03 v1.6 Let assignment for LaTeX macros (HO)
) (c:/texlive/2021/texmf-dist/tex/latex/auxhook/auxhook.sty
Package: auxhook 2019-12-17 v1.6 Hooks for auxiliary files (HO)
)
\@linkdim=\dimen149
\Hy@linkcounter=\count272
\Hy@pagecounter=\count273
(c:/texlive/2021/texmf-dist/tex/latex/hyperref/pd1enc.def
File: pd1enc.def 2021-06-07 v7.00m Hyperref: PDFDocEncoding definition (HO)
Now handling font encoding PD1 ...
... no UTF-8 mapping file for font encoding PD1
) (c:/texlive/2021/texmf-dist/tex/latex/hyperref/hyperref-langpatches.def
File: hyperref-langpatches.def 2021-06-07 v7.00m Hyperref: patches for babel la
nguages
) (c:/texlive/2021/texmf-dist/tex/generic/intcalc/intcalc.sty
Package: intcalc 2019/12/15 v1.3 Expandable calculations with integers (HO)
) (c:/texlive/2021/texmf-dist/tex/generic/etexcmds/etexcmds.sty
Package: etexcmds 2019/12/15 v1.7 Avoid name clashes with e-TeX commands (HO)
)
\Hy@SavedSpaceFactor=\count274
(c:/texlive/2021/texmf-dist/tex/latex/hyperref/puenc.def
File: puenc.def 2021-06-07 v7.00m Hyperref: PDF Unicode definition (HO)
Now handling font encoding PU ...
... no UTF-8 mapping file for font encoding PU
)
Package hyperref Info: Option `unicode' set `true' on input line 4073.
Package hyperref Info: Hyper figures OFF on input line 4192.
Package hyperref Info: Link nesting OFF on input line 4197.
Package hyperref Info: Hyper index ON on input line 4200.
Package hyperref Info: Plain pages OFF on input line 4207.
Package hyperref Info: Backreferencing OFF on input line 4212.
Package hyperref Info: Implicit mode ON; LaTeX internals redefined.
Package hyperref Info: Bookmarks ON on input line 4445.
\c@Hy@tempcnt=\count275
LaTeX Info: Redefining \url on input line 4804.
\XeTeXLinkMargin=\dimen150
(c:/texlive/2021/texmf-dist/tex/generic/bitset/bitset.sty
Package: bitset 2019/12/09 v1.3 Handle bit-vector datatype (HO)
(c:/texlive/2021/texmf-dist/tex/generic/bigintcalc/bigintcalc.sty
Package: bigintcalc 2019/12/15 v1.5 Expandable calculations on big integers (HO
)
))
\Fld@menulength=\count276
\Field@Width=\dimen151
\Fld@charsize=\dimen152
Package hyperref Info: Hyper figures OFF on input line 6076.
Package hyperref Info: Link nesting OFF on input line 6081.
Package hyperref Info: Hyper index ON on input line 6084.
Package hyperref Info: backreferencing OFF on input line 6091.
Package hyperref Info: Link coloring OFF on input line 6096.
Package hyperref Info: Link coloring with OCG OFF on input line 6101.
Package hyperref Info: PDF/A mode OFF on input line 6106.
LaTeX Info: Redefining \ref on input line 6146.
LaTeX Info: Redefining \pageref on input line 6150.
(c:/texlive/2021/texmf-dist/tex/latex/base/atbegshi-ltx.sty
Package: atbegshi-ltx 2021/01/10 v1.0c Emulation of the original atbegshi
package with kernel methods
)
\Hy@abspage=\count277
\c@Item=\count278
\c@Hfootnote=\count279
)
Package hyperref Info: Driver (autodetected): hpdftex.
(c:/texlive/2021/texmf-dist/tex/latex/hyperref/hpdftex.def
File: hpdftex.def 2021-06-07 v7.00m Hyperref driver for pdfTeX
(c:/texlive/2021/texmf-dist/tex/latex/base/atveryend-ltx.sty
Package: atveryend-ltx 2020/08/19 v1.0a Emulation of the original atveryend pac
kage
with kernel methods
)
\Fld@listcount=\count280
\c@bookmark@seq@number=\count281
(c:/texlive/2021/texmf-dist/tex/latex/rerunfilecheck/rerunfilecheck.sty
Package: rerunfilecheck 2019/12/05 v1.9 Rerun checks for auxiliary files (HO)
(c:/texlive/2021/texmf-dist/tex/generic/uniquecounter/uniquecounter.sty
Package: uniquecounter 2019/12/15 v1.4 Provide unlimited unique counter (HO)
)
Package uniquecounter Info: New unique counter `rerunfilecheck' on input line 2
86.
)
\Hy@SectionHShift=\skip53
) (c:/texlive/2021/texmf-dist/tex/latex/bookmark/bkm-pdftex.def
File: bkm-pdftex.def 2020-11-06 v1.29 bookmark driver for pdfTeX (HO)
\BKM@id=\count282
))
Package hyperref Info: Option `colorlinks' set `true' on input line 47.
(c:/texlive/2021/texmf-dist/tex/latex/geometry/geometry.sty
Package: geometry 2020/01/02 v5.9 Page Geometry
(c:/texlive/2021/texmf-dist/tex/generic/iftex/ifvtex.sty
Package: ifvtex 2019/10/25 v1.7 ifvtex legacy package. Use iftex instead.
)
\Gm@cnth=\count283
\Gm@cntv=\count284
\c@Gm@tempcnt=\count285
\Gm@bindingoffset=\dimen153
\Gm@wd@mp=\dimen154
\Gm@odd@mp=\dimen155
\Gm@even@mp=\dimen156
\Gm@layoutwidth=\dimen157
\Gm@layoutheight=\dimen158
\Gm@layouthoffset=\dimen159
\Gm@layoutvoffset=\dimen160
\Gm@dimlist=\toks25
) (c:/texlive/2021/texmf-dist/tex/latex/fancyvrb/fancyvrb.sty
Package: fancyvrb 2021/11/24\nobreakspace {} 4.1a\nobreakspace {}verbatim text 
(tvz,hv)
\FV@CodeLineNo=\count286
\FV@InFile=\read2
\FV@TabBox=\box53
\c@FancyVerbLine=\count287
\FV@StepNumber=\count288
\FV@OutFile=\write3
) (c:/texlive/2021/texmf-dist/tex/latex/framed/framed.sty
Package: framed 2011/10/22 v 0.96: framed or shaded text with page breaks
\OuterFrameSep=\skip54
\fb@frw=\dimen161
\fb@frh=\dimen162
\FrameRule=\dimen163
\FrameSep=\dimen164
) (c:/texlive/2021/texmf-dist/tex/latex/graphics/graphicx.sty
Package: graphicx 2021/09/16 v1.2d Enhanced LaTeX Graphics (DPC,SPQR)
(c:/texlive/2021/texmf-dist/tex/latex/graphics/graphics.sty
Package: graphics 2021/03/04 v1.4d Standard LaTeX Graphics (DPC,SPQR)
(c:/texlive/2021/texmf-dist/tex/latex/graphics/trig.sty
Package: trig 2021/08/11 v1.11 sin cos tan (DPC)
) (c:/texlive/2021/texmf-dist/tex/latex/graphics-cfg/graphics.cfg
File: graphics.cfg 2016/06/04 v1.11 sample graphics configuration
)
Package graphics Info: Driver file: pdftex.def on input line 107.
)
\Gin@req@height=\dimen165
\Gin@req@width=\dimen166
) (c:/texlive/2021/texmf-dist/tex/latex/multirow/multirow.sty
Package: multirow 2021/03/15 v2.8 Span multiple rows of a table
\multirow@colwidth=\skip55
\multirow@cntb=\count289
\multirow@dima=\skip56
\bigstrutjot=\dimen167
) (c:/texlive/2021/texmf-dist/tex/latex/float/float.sty
Package: float 2001/11/08 v1.3d Float enhancements (AL)
\c@float@type=\count290
\float@exts=\toks26
\float@box=\box54
\@float@everytoks=\toks27
\@floatcapt=\box55
) (c:/texlive/2021/texmf-dist/tex/latex/listings/listings.sty
\lst@mode=\count291
\lst@gtempboxa=\box56
\lst@token=\toks28
\lst@length=\count292
\lst@currlwidth=\dimen168
\lst@column=\count293
\lst@pos=\count294
\lst@lostspace=\dimen169
\lst@width=\dimen170
\lst@newlines=\count295
\lst@lineno=\count296
\lst@maxwidth=\dimen171
(c:/texlive/2021/texmf-dist/tex/latex/listings/lstmisc.sty
File: lstmisc.sty 2020/03/24 1.8d (Carsten Heinz)
\c@lstnumber=\count297
\lst@skipnumbers=\count298
\lst@framebox=\box57
) (c:/texlive/2021/texmf-dist/tex/latex/listings/listings.cfg
File: listings.cfg 2020/03/24 1.8d listings configuration
))
Package: listings 2020/03/24 1.8d (Carsten Heinz)
\cslhangindent=\skip57
\csllabelwidth=\skip58
(c:/texlive/2021/texmf-dist/tex/latex/tools/calc.sty
Package: calc 2017/05/25 v4.3 Infix arithmetic (KKT,FJ)
\calc@Acount=\count299
\calc@Bcount=\count300
\calc@Adimen=\dimen172
\calc@Bdimen=\dimen173
\calc@Askip=\skip59
\calc@Bskip=\skip60
LaTeX Info: Redefining \setlength on input line 80.
LaTeX Info: Redefining \addtolength on input line 81.
\calc@Ccount=\count301
\calc@Cskip=\skip61
) (c:/texlive/2021/texmf-dist/tex/latex/l3backend/l3backend-pdftex.def
File: l3backend-pdftex.def 2021-10-18 L3 backend support: PDF output (pdfTeX)
\l__color_backend_stack_int=\count302
\l__pdf_internal_box=\box58
) (./tareaBloque3.aux)
\openout1 = `tareaBloque3.aux'.

LaTeX Font Info:    Checking defaults for OML/cmm/m/it on input line 148.
LaTeX Font Info:    ... okay on input line 148.
LaTeX Font Info:    Checking defaults for OMS/cmsy/m/n on input line 148.
LaTeX Font Info:    ... okay on input line 148.
LaTeX Font Info:    Checking defaults for OT1/cmr/m/n on input line 148.
LaTeX Font Info:    ... okay on input line 148.
LaTeX Font Info:    Checking defaults for T1/cmr/m/n on input line 148.
LaTeX Font Info:    ... okay on input line 148.
LaTeX Font Info:    Checking defaults for TS1/cmr/m/n on input line 148.
LaTeX Font Info:    ... okay on input line 148.
LaTeX Font Info:    Checking defaults for OMX/cmex/m/n on input line 148.
LaTeX Font Info:    ... okay on input line 148.
LaTeX Font Info:    Checking defaults for U/cmr/m/n on input line 148.
LaTeX Font Info:    ... okay on input line 148.
LaTeX Font Info:    Checking defaults for PD1/pdf/m/n on input line 148.
LaTeX Font Info:    ... okay on input line 148.
LaTeX Font Info:    Checking defaults for PU/pdf/m/n on input line 148.
LaTeX Font Info:    ... okay on input line 148.
LaTeX Info: Redefining \microtypecontext on input line 148.
Package microtype Info: Applying patch `item' on input line 148.
Package microtype Info: Applying patch `toc' on input line 148.
Package microtype Info: Applying patch `eqnum' on input line 148.
Package microtype Info: Applying patch `footnote' on input line 148.
Package microtype Info: Generating PDF output.
Package microtype Info: Character protrusion enabled (level 2).
Package microtype Info: Using protrusion set `basicmath'.
Package microtype Info: Automatic font expansion enabled (level 2),
(microtype)             stretch: 20, shrink: 20, step: 1, non-selected.
Package microtype Info: Using default expansion set `alltext-nott'.
LaTeX Info: Redefining \showhyphens on input line 148.
Package microtype Info: No adjustment of tracking.
Package microtype Info: No adjustment of interword spacing.
Package microtype Info: No adjustment of character kerning.
(c:/texlive/2021/texmf-dist/tex/latex/microtype/mt-cmr.cfg
File: mt-cmr.cfg 2013/05/19 v2.2 microtype config. file: Computer Modern Roman 
(RS)
) (c:/texlive/2021/texmf-dist/tex/context/base/mkii/supp-pdf.mkii
[Loading MPS to PDF converter (version 2006.09.02).]
\scratchcounter=\count303
\scratchdimen=\dimen174
\scratchbox=\box59
\nofMPsegments=\count304
\nofMParguments=\count305
\everyMPshowfont=\toks29
\MPscratchCnt=\count306
\MPscratchDim=\dimen175
\MPnumerator=\count307
\makeMPintoPDFobject=\count308
\everyMPtoPDFconversion=\toks30
) (c:/texlive/2021/texmf-dist/tex/latex/epstopdf-pkg/epstopdf-base.sty
Package: epstopdf-base 2020-01-24 v2.11 Base part for package epstopdf
Package epstopdf-base Info: Redefining graphics rule for `.eps' on input line 4
85.
(c:/texlive/2021/texmf-dist/tex/latex/latexconfig/epstopdf-sys.cfg
File: epstopdf-sys.cfg 2010/07/13 v1.3 Configuration of (r)epstopdf for TeX Liv
e
))
Package hyperref Info: Link coloring ON on input line 148.
(c:/texlive/2021/texmf-dist/tex/latex/hyperref/nameref.sty
Package: nameref 2021-04-02 v2.47 Cross-referencing by name of section
(c:/texlive/2021/texmf-dist/tex/latex/refcount/refcount.sty
Package: refcount 2019/12/15 v3.6 Data extraction from label references (HO)
) (c:/texlive/2021/texmf-dist/tex/generic/gettitlestring/gettitlestring.sty
Package: gettitlestring 2019/12/15 v1.6 Cleanup title references (HO)
)
\c@section@level=\count309
)
LaTeX Info: Redefining \ref on input line 148.
LaTeX Info: Redefining \pageref on input line 148.
LaTeX Info: Redefining \nameref on input line 148.
*geometry* driver: auto-detecting
*geometry* detected driver: pdftex
*geometry* verbose mode - [ preamble ] result:
* driver: pdftex
* paper: <default>
* layout: <same size as paper>
* layoutoffset:(h,v)=(0.0pt,0.0pt)
* modes: 
* h-part:(L,W,R)=(72.26999pt, 469.75502pt, 72.26999pt)
* v-part:(T,H,B)=(72.26999pt, 650.43001pt, 72.26999pt)
* \paperwidth=614.295pt
* \paperheight=794.96999pt
* \textwidth=469.75502pt
* \textheight=650.43001pt
* \oddsidemargin=0.0pt
* \evensidemargin=0.0pt
* \topmargin=-37.0pt
* \headheight=12.0pt
* \headsep=25.0pt
* \topskip=10.0pt
* \footskip=30.0pt
* \marginparwidth=65.0pt
* \marginparsep=11.0pt
* \columnsep=10.0pt
* \skip\footins=9.0pt plus 4.0pt minus 2.0pt
* \hoffset=0.0pt
* \voffset=0.0pt
* \mag=1000
* \@twocolumnfalse
* \@twosidefalse
* \@mparswitchfalse
* \@reversemarginfalse
* (1in=72.27pt=25.4mm, 1cm=28.453pt)

\c@lstlisting=\count310
LaTeX Font Info:    Trying to load font information for OT1+lmr on input line 1
50.
(c:/texlive/2021/texmf-dist/tex/latex/lm/ot1lmr.fd
File: ot1lmr.fd 2015/05/01 v1.6.1 Font defs for Latin Modern
)
LaTeX Font Info:    Trying to load font information for OML+lmm on input line 1
50.
(c:/texlive/2021/texmf-dist/tex/latex/lm/omllmm.fd
File: omllmm.fd 2015/05/01 v1.6.1 Font defs for Latin Modern
)
LaTeX Font Info:    Trying to load font information for OMS+lmsy on input line 
150.
(c:/texlive/2021/texmf-dist/tex/latex/lm/omslmsy.fd
File: omslmsy.fd 2015/05/01 v1.6.1 Font defs for Latin Modern
)
LaTeX Font Info:    Trying to load font information for OMX+lmex on input line 
150.
(c:/texlive/2021/texmf-dist/tex/latex/lm/omxlmex.fd
File: omxlmex.fd 2015/05/01 v1.6.1 Font defs for Latin Modern
)
LaTeX Font Info:    External font `lmex10' loaded for size
(Font)              <12> on input line 150.
LaTeX Font Info:    External font `lmex10' loaded for size
(Font)              <8> on input line 150.
LaTeX Font Info:    External font `lmex10' loaded for size
(Font)              <6> on input line 150.
LaTeX Font Info:    Trying to load font information for U+msa on input line 150
.
(c:/texlive/2021/texmf-dist/tex/latex/amsfonts/umsa.fd
File: umsa.fd 2013/01/14 v3.01 AMS symbols A
) (c:/texlive/2021/texmf-dist/tex/latex/microtype/mt-msa.cfg
File: mt-msa.cfg 2006/02/04 v1.1 microtype config. file: AMS symbols (a) (RS)
)
LaTeX Font Info:    Trying to load font information for U+msb on input line 150
.
(c:/texlive/2021/texmf-dist/tex/latex/amsfonts/umsb.fd
File: umsb.fd 2013/01/14 v3.01 AMS symbols B
) (c:/texlive/2021/texmf-dist/tex/latex/microtype/mt-msb.cfg
File: mt-msb.cfg 2005/06/01 v1.0 microtype config. file: AMS symbols (b) (RS)
) [1

{c:/texlive/2021/texmf-var/fonts/map/pdftex/updmap/pdftex.map}]
LaTeX Font Info:    Trying to load font information for TS1+lmr on input line 1
59.
(c:/texlive/2021/texmf-dist/tex/latex/lm/ts1lmr.fd
File: ts1lmr.fd 2015/05/01 v1.6.1 Font defs for Latin Modern
) [2]
LaTeX Font Info:    External font `lmex10' loaded for size
(Font)              <10> on input line 179.
LaTeX Font Info:    External font `lmex10' loaded for size
(Font)              <7> on input line 179.
LaTeX Font Info:    External font `lmex10' loaded for size
(Font)              <5> on input line 179.
<tareaBloque3_files/figure-latex/unnamed-chunk-1-1.pdf, id=34, 578.16pt x 325.2
15pt>
File: tareaBloque3_files/figure-latex/unnamed-chunk-1-1.pdf Graphic file (type 
pdf)
<use tareaBloque3_files/figure-latex/unnamed-chunk-1-1.pdf>
Package pdftex.def Info: tareaBloque3_files/figure-latex/unnamed-chunk-1-1.pdf 
 used on input line 197.
(pdftex.def)             Requested size: 469.75385pt x 264.23653pt.
[3 <./tareaBloque3_files/figure-latex/unnamed-chunk-1-1.pdf>]
<tareaBloque3_files/figure-latex/unnamed-chunk-2-1.pdf, id=55, 578.16pt x 325.2
15pt>
File: tareaBloque3_files/figure-latex/unnamed-chunk-2-1.pdf Graphic file (type 
pdf)
<use tareaBloque3_files/figure-latex/unnamed-chunk-2-1.pdf>
Package pdftex.def Info: tareaBloque3_files/figure-latex/unnamed-chunk-2-1.pdf 
 used on input line 201.
(pdftex.def)             Requested size: 469.75385pt x 264.23653pt.

Underfull \hbox (badness 10000) in paragraph at lines 201--203
[][]
 []

<tareaBloque3_files/figure-latex/unnamed-chunk-3-1.pdf, id=56, 578.16pt x 325.2
15pt>
File: tareaBloque3_files/figure-latex/unnamed-chunk-3-1.pdf Graphic file (type 
pdf)
<use tareaBloque3_files/figure-latex/unnamed-chunk-3-1.pdf>
Package pdftex.def Info: tareaBloque3_files/figure-latex/unnamed-chunk-3-1.pdf 
 used on input line 221.
(pdftex.def)             Requested size: 469.75385pt x 264.23653pt.
[4 <./tareaBloque3_files/figure-latex/unnamed-chunk-2-1.pdf>]
<tareaBloque3_files/figure-latex/unnamed-chunk-4-1.pdf, id=68, 505.89pt x 325.2
15pt>
File: tareaBloque3_files/figure-latex/unnamed-chunk-4-1.pdf Graphic file (type 
pdf)
<use tareaBloque3_files/figure-latex/unnamed-chunk-4-1.pdf>
Package pdftex.def Info: tareaBloque3_files/figure-latex/unnamed-chunk-4-1.pdf 
 used on input line 229.
(pdftex.def)             Requested size: 469.76265pt x 301.99028pt.
[5 <./tareaBloque3_files/figure-latex/unnamed-chunk-3-1.pdf>]
<tareaBloque3_files/figure-latex/unnamed-chunk-5-1.pdf, id=79, 578.16pt x 325.2
15pt>
File: tareaBloque3_files/figure-latex/unnamed-chunk-5-1.pdf Graphic file (type 
pdf)
<use tareaBloque3_files/figure-latex/unnamed-chunk-5-1.pdf>
Package pdftex.def Info: tareaBloque3_files/figure-latex/unnamed-chunk-5-1.pdf 
 used on input line 235.
(pdftex.def)             Requested size: 469.75385pt x 264.23653pt.

Underfull \hbox (badness 10000) in paragraph at lines 235--238
[][]
 []

[6 <./tareaBloque3_files/figure-latex/unnamed-chunk-4-1.pdf> <./tareaBloque3_fi
les/figure-latex/unnamed-chunk-5-1.pdf>]
<tareaBloque3_files/figure-latex/unnamed-chunk-6-1.pdf, id=95, 578.16pt x 325.2
15pt>
File: tareaBloque3_files/figure-latex/unnamed-chunk-6-1.pdf Graphic file (type 
pdf)
<use tareaBloque3_files/figure-latex/unnamed-chunk-6-1.pdf>
Package pdftex.def Info: tareaBloque3_files/figure-latex/unnamed-chunk-6-1.pdf 
 used on input line 250.
(pdftex.def)             Requested size: 469.75385pt x 264.23653pt.
[7 <./tareaBloque3_files/figure-latex/unnamed-chunk-6-1.pdf>]
<tareaBloque3_files/figure-latex/unnamed-chunk-7-1.pdf, id=107, 578.16pt x 325.
215pt>
File: tareaBloque3_files/figure-latex/unnamed-chunk-7-1.pdf Graphic file (type 
pdf)
<use tareaBloque3_files/figure-latex/unnamed-chunk-7-1.pdf>
Package pdftex.def Info: tareaBloque3_files/figure-latex/unnamed-chunk-7-1.pdf 
 used on input line 281.
(pdftex.def)             Requested size: 469.75385pt x 264.23653pt.
[8 <./tareaBloque3_files/figure-latex/unnamed-chunk-7-1.pdf>]
<tareaBloque3_files/figure-latex/unnamed-chunk-8-1.pdf, id=122, 578.16pt x 325.
215pt>
File: tareaBloque3_files/figure-latex/unnamed-chunk-8-1.pdf Graphic file (type 
pdf)
<use tareaBloque3_files/figure-latex/unnamed-chunk-8-1.pdf>
Package pdftex.def Info: tareaBloque3_files/figure-latex/unnamed-chunk-8-1.pdf 
 used on input line 316.
(pdftex.def)             Requested size: 469.75385pt x 264.23653pt.
<tareaBloque3_files/figure-latex/unnamed-chunk-9-1.pdf, id=125, 578.16pt x 325.
215pt>
File: tareaBloque3_files/figure-latex/unnamed-chunk-9-1.pdf Graphic file (type 
pdf)
<use tareaBloque3_files/figure-latex/unnamed-chunk-9-1.pdf>
Package pdftex.def Info: tareaBloque3_files/figure-latex/unnamed-chunk-9-1.pdf 
 used on input line 347.
(pdftex.def)             Requested size: 469.75385pt x 264.23653pt.
[9 <./tareaBloque3_files/figure-latex/unnamed-chunk-8-1.pdf>] [10 <./tareaBloqu
e3_files/figure-latex/unnamed-chunk-9-1.pdf>]

LaTeX Warning: Command \~ invalid in math mode on input line 362.


LaTeX Warning: Command \~ invalid in math mode on input line 399.

[11]

LaTeX Warning: Command \~ invalid in math mode on input line 441.


LaTeX Warning: Command \~ invalid in math mode on input line 441.


LaTeX Warning: Command \~ invalid in math mode on input line 450.


LaTeX Warning: Command \~ invalid in math mode on input line 450.


Overfull \hbox (2.85081pt too wide) detected at line 450
\OML/lmm/m/it/10 ^^V[] [] \OT1/lmr/m/n/10 = [] [] =
 []


LaTeX Warning: Command \~ invalid in math mode on input line 458.


LaTeX Warning: Command \~ invalid in math mode on input line 471.


LaTeX Warning: Command \~ invalid in math mode on input line 471.

[12]

LaTeX Warning: Command \~ invalid in math mode on input line 479.


LaTeX Warning: Command \~ invalid in math mode on input line 490.


LaTeX Warning: Command \~ invalid in math mode on input line 508.


LaTeX Warning: Command \~ invalid in math mode on input line 515.


LaTeX Warning: Command \~ invalid in math mode on input line 533.


LaTeX Warning: Command \~ invalid in math mode on input line 548.

[13]

LaTeX Warning: Command \~ invalid in math mode on input line 559.


LaTeX Warning: Command \~ invalid in math mode on input line 559.


LaTeX Warning: Command \~ invalid in math mode on input line 559.


LaTeX Warning: Command \~ invalid in math mode on input line 559.

[14]

LaTeX Warning: Command \' invalid in math mode on input line 581.


LaTeX Warning: Command \' invalid in math mode on input line 581.


LaTeX Warning: Command \' invalid in math mode on input line 581.


LaTeX Warning: Command \' invalid in math mode on input line 581.


LaTeX Warning: Command \' invalid in math mode on input line 581.


LaTeX Warning: Command \' invalid in math mode on input line 581.


LaTeX Warning: Command \' invalid in math mode on input line 589.


LaTeX Warning: Command \' invalid in math mode on input line 626.

[15]
Overfull \hbox (6.65584pt too wide) detected at line 704
\OT1/lmr/m/n/10 = [] =
 []

[16] [17] [18]

LaTeX Warning: Command \~ invalid in math mode on input line 845.

[19]
Overfull \hbox (41.85497pt too wide) detected at line 975
\OML/lmm/m/it/10 no cercana cero [] \OT1/lmr/m/n/10 = \OML/lmm/m/it/10 ^^V[] []
 \OT1/lmr/m/n/10 = 1 \OMS/lmsy/m/n/10 ^^@ \OML/lmm/m/it/10 ^^V[] [] \OT1/lmr/m/
n/10 = []
 []

[20]
Overfull \hbox (110.25981pt too wide) detected at line 1004
\OML/lmm/m/it/10 R\OT1/lmr/m/n/10 3 : \OML/lmm/m/it/10 ^^V[] [] \OT1/lmr/m/n/10
 = [] [] = [] [] =
 []

[21]
Overfull \hbox (40.43915pt too wide) detected at line 1034
\OML/lmm/m/it/10 R\OT1/lmr/m/n/10 2 : \OML/lmm/m/it/10 ^^V[] [] \OT1/lmr/m/n/10
 = [] [] \OMS/lmsy/m/n/10 ^^A \OML/lmm/m/it/10 ^^V[] [] \OT1/lmr/m/n/10 = 0\OML
/lmm/m/it/10 :\OT1/lmr/m/n/10 5 \OMS/lmsy/m/n/10 ^^A \OML/lmm/m/it/10 ^^V[] [] 
\OT1/lmr/m/n/10 = []
 []


Overfull \hbox (60.18785pt too wide) detected at line 1045
\OML/lmm/m/it/10 R\OT1/lmr/m/n/10 6 : \OML/lmm/m/it/10 ^^V[] [] \OT1/lmr/m/n/10
 = [] [] \OMS/lmsy/m/n/10 ^^A \OML/lmm/m/it/10 ^^V[] [] \OT1/lmr/m/n/10 = 1 \OM
S/lmsy/m/n/10 ^^A \OML/lmm/m/it/10 ^^V[] [] \OT1/lmr/m/n/10 = []
 []

[22]
Overfull \hbox (27.32689pt too wide) detected at line 1123
\OML/lmm/m/it/10 ^^V[] [] \OT1/lmr/m/n/10 = \OML/lmm/m/it/10 ^^V[] [][] \OT1/lm
r/m/n/10 = []  \OML/lmm/m/it/10 ^^V[] [] \OT1/lmr/m/n/10 = \OML/lmm/m/it/10 ^^V
[] [][] \OT1/lmr/m/n/10 = []
 []

[23]
<tareaBloque3_files/figure-latex/unnamed-chunk-11-1.pdf, id=251, 469.755pt x 32
5.215pt>
File: tareaBloque3_files/figure-latex/unnamed-chunk-11-1.pdf Graphic file (type
 pdf)
<use tareaBloque3_files/figure-latex/unnamed-chunk-11-1.pdf>
Package pdftex.def Info: tareaBloque3_files/figure-latex/unnamed-chunk-11-1.pdf
  used on input line 1150.
(pdftex.def)             Requested size: 469.75386pt x 325.2142pt.
<tareaBloque3_files/figure-latex/unnamed-chunk-12-1.pdf, id=252, 578.16pt x 325
.215pt>
File: tareaBloque3_files/figure-latex/unnamed-chunk-12-1.pdf Graphic file (type
 pdf)
<use tareaBloque3_files/figure-latex/unnamed-chunk-12-1.pdf>
Package pdftex.def Info: tareaBloque3_files/figure-latex/unnamed-chunk-12-1.pdf
  used on input line 1151.
(pdftex.def)             Requested size: 469.75385pt x 264.23653pt.
<tareaBloque3_files/figure-latex/unnamed-chunk-13-1.pdf, id=253, 578.16pt x 325
.215pt>
File: tareaBloque3_files/figure-latex/unnamed-chunk-13-1.pdf Graphic file (type
 pdf)
<use tareaBloque3_files/figure-latex/unnamed-chunk-13-1.pdf>
Package pdftex.def Info: tareaBloque3_files/figure-latex/unnamed-chunk-13-1.pdf
  used on input line 1152.
(pdftex.def)             Requested size: 469.75385pt x 264.23653pt.
<tareaBloque3_files/figure-latex/unnamed-chunk-13-2.pdf, id=254, 578.16pt x 325
.215pt>
File: tareaBloque3_files/figure-latex/unnamed-chunk-13-2.pdf Graphic file (type
 pdf)
<use tareaBloque3_files/figure-latex/unnamed-chunk-13-2.pdf>
Package pdftex.def Info: tareaBloque3_files/figure-latex/unnamed-chunk-13-2.pdf
  used on input line 1153.
(pdftex.def)             Requested size: 469.75385pt x 264.23653pt.
<tareaBloque3_files/figure-latex/unnamed-chunk-14-1.pdf, id=255, 578.16pt x 325
.215pt>
File: tareaBloque3_files/figure-latex/unnamed-chunk-14-1.pdf Graphic file (type
 pdf)
<use tareaBloque3_files/figure-latex/unnamed-chunk-14-1.pdf>
Package pdftex.def Info: tareaBloque3_files/figure-latex/unnamed-chunk-14-1.pdf
  used on input line 1154.
(pdftex.def)             Requested size: 469.75385pt x 264.23653pt.
<tareaBloque3_files/figure-latex/unnamed-chunk-15-1.pdf, id=256, 578.16pt x 325
.215pt>
File: tareaBloque3_files/figure-latex/unnamed-chunk-15-1.pdf Graphic file (type
 pdf)
<use tareaBloque3_files/figure-latex/unnamed-chunk-15-1.pdf>
Package pdftex.def Info: tareaBloque3_files/figure-latex/unnamed-chunk-15-1.pdf
  used on input line 1157.
(pdftex.def)             Requested size: 469.75385pt x 264.23653pt.
<tareaBloque3_files/figure-latex/unnamed-chunk-16-1.pdf, id=257, 578.16pt x 325
.215pt>
File: tareaBloque3_files/figure-latex/unnamed-chunk-16-1.pdf Graphic file (type
 pdf)
<use tareaBloque3_files/figure-latex/unnamed-chunk-16-1.pdf>
Package pdftex.def Info: tareaBloque3_files/figure-latex/unnamed-chunk-16-1.pdf
  used on input line 1158.
(pdftex.def)             Requested size: 469.75385pt x 264.23653pt.
<tareaBloque3_files/figure-latex/unnamed-chunk-17-1.pdf, id=258, 578.16pt x 325
.215pt>
File: tareaBloque3_files/figure-latex/unnamed-chunk-17-1.pdf Graphic file (type
 pdf)
<use tareaBloque3_files/figure-latex/unnamed-chunk-17-1.pdf>
Package pdftex.def Info: tareaBloque3_files/figure-latex/unnamed-chunk-17-1.pdf
  used on input line 1161.
(pdftex.def)             Requested size: 469.75385pt x 264.23653pt.

Underfull \hbox (badness 10000) in paragraph at lines 1150--1164
[][]
 []


Underfull \hbox (badness 10000) in paragraph at lines 1150--1164
[]
 []


Underfull \hbox (badness 10000) in paragraph at lines 1150--1164
[]
 []


Underfull \hbox (badness 10000) in paragraph at lines 1150--1164
[]
 []


Underfull \hbox (badness 10000) in paragraph at lines 1150--1164
[]
 []


Underfull \hbox (badness 10000) in paragraph at lines 1150--1164
[]
 []


Underfull \hbox (badness 10000) in paragraph at lines 1150--1164
[]
 []


Underfull \hbox (badness 10000) in paragraph at lines 1150--1164
[]
 []

[24 <./tareaBloque3_files/figure-latex/unnamed-chunk-11-1.pdf>] [25 <./tareaBlo
que3_files/figure-latex/unnamed-chunk-12-1.pdf> <./tareaBloque3_files/figure-la
tex/unnamed-chunk-13-1.pdf>] [26 <./tareaBloque3_files/figure-latex/unnamed-chu
nk-13-2.pdf> <./tareaBloque3_files/figure-latex/unnamed-chunk-14-1.pdf>] [27 <.
/tareaBloque3_files/figure-latex/unnamed-chunk-15-1.pdf> <./tareaBloque3_files/
figure-latex/unnamed-chunk-16-1.pdf>]
LaTeX Font Info:    Trying to load font information for T1+lmtt on input line 1
170.
(c:/texlive/2021/texmf-dist/tex/latex/lm/t1lmtt.fd
File: t1lmtt.fd 2015/05/01 v1.6.1 Font defs for Latin Modern
)
LaTeX Font Info:    Font shape `T1/lmtt/bx/n' in size <10> not available
(Font)              Font shape `T1/lmtt/b/n' tried instead on input line 1171.
[28 <./tareaBloque3_files/figure-latex/unnamed-chunk-17-1.pdf>] (c:/texlive/202
1/texmf-dist/tex/latex/listings/lstlang1.sty
File: lstlang1.sty 2020/03/24 1.8d listings language file
)
Package hyperref Info: bookmark level for unknown lstlisting defaults to 0 on i
nput line 1263.

Overfull \hbox (130.25108pt too wide) in paragraph at lines 1281--1282
[][][][][][][][][][][][][][][][][][][][][][][][][][][][][][][][][][][][][][][][
][][][] 
 []

[29]
Overfull \hbox (124.25102pt too wide) in paragraph at lines 1282--1283
[][][][][][][][][][][][][][][][][][][][][][][][][][][][][][][][][][][][][][][][
][][][] 
 []

[30]
<pegado4.png, id=403, 384.6872pt x 228.10219pt>
File: pegado4.png Graphic file (type png)
<use pegado4.png>
Package pdftex.def Info: pegado4.png  used on input line 1368.
(pdftex.def)             Requested size: 384.69798pt x 228.10857pt.
<pegado3.png, id=405, 383.18156pt x 226.59656pt>
File: pegado3.png Graphic file (type png)
<use pegado3.png>
Package pdftex.def Info: pegado3.png  used on input line 1374.
(pdftex.def)             Requested size: 383.18062pt x 226.596pt.
<pegado2.png, id=406, 384.6872pt x 225.84375pt>
File: pegado2.png Graphic file (type png)
<use pegado2.png>
Package pdftex.def Info: pegado2.png  used on input line 1380.
(pdftex.def)             Requested size: 384.70972pt x 225.85696pt.
<pegado1.png, id=407, 386.19281pt x 228.10219pt>
File: pegado1.png Graphic file (type png)
<use pegado1.png>
Package pdftex.def Info: pegado1.png  used on input line 1388.
(pdftex.def)             Requested size: 386.19185pt x 228.10161pt.
[31pdfTeX warning (ext4): destination with the same identifier (name{figure.1})
 has been already used, duplicate ignored
<argument> ...shipout:D \box_use:N \l_shipout_box 
                                                  \__shipout_drop_firstpage_...
l.1399 
        <./pegado4.png>] [32pdfTeX warning (ext4): destination with the same id
entifier (name{figure.2}) has been already used, duplicate ignored
<argument> ...shipout:D \box_use:N \l_shipout_box 
                                                  \__shipout_drop_firstpage_...
l.1399 
       pdfTeX warning (ext4): destination with the same identifier (name{figure
.3}) has been already used, duplicate ignored
<argument> ...shipout:D \box_use:N \l_shipout_box 
                                                  \__shipout_drop_firstpage_...
l.1399 
        <./pegado3.png> <./pegado2.png>] [33pdfTeX warning (ext4): destination 
with the same identifier (name{figure.4}) has been already used, duplicate igno
red
<argument> ...shipout:D \box_use:N \l_shipout_box 
                                                  \__shipout_drop_firstpage_...
l.1430 ...=Mostramos la informaci√≥n por pantalla]
                                                   <./pegado1.png>]

! LaTeX Error: Invalid UTF-8 byte sequence (√\expandafter).

See the LaTeX manual or LaTeX Companion for explanation.
Type  H <return>  for immediate help.
 ...                                              
                                                  
l.1435 ....out.println("La fuerza a aplicar ser√° 
                                                  de " + f + " libras."); 
Here is how much of TeX's memory you used:
 16304 strings out of 478353
 257168 string characters out of 5852101
 867331 words of memory out of 5000000
 33799 multiletter control sequences out of 15000+600000
 474134 words of font info for 149 fonts, out of 8000000 for 9000
 1141 hyphenation exceptions out of 8191
 74i,10n,77p,1009b,1832s stack positions out of 5000i,500n,10000p,200000b,80000s

!  ==> Fatal error occurred, no output PDF file produced!
